<?xml version="1.0" encoding="UTF-8" ?>
<testsuite failures="0" time="0.017" errors="0" skipped="0" tests="1" name="com.alextim.diskarchive.AppTest">
  <properties>
    <property name="java.runtime.name" value="Java(TM) SE Runtime Environment"/>
    <property name="sun.boot.library.path" value="D:\Program Files\Java\jdk1.6.0_14\jre\bin"/>
    <property name="java.vm.version" value="14.0-b16"/>
    <property name="java.vm.vendor" value="Sun Microsystems Inc."/>
    <property name="java.vendor.url" value="http://java.sun.com/"/>
    <property name="path.separator" value=";"/>
    <property name="java.vm.name" value="Java HotSpot(TM) Client VM"/>
    <property name="file.encoding.pkg" value="sun.io"/>
    <property name="user.country" value="RU"/>
    <property name="sun.java.launcher" value="SUN_STANDARD"/>
    <property name="sun.os.patch.level" value=""/>
    <property name="java.vm.specification.name" value="Java Virtual Machine Specification"/>
    <property name="user.dir" value="D:\Projects\disk-archive\disk-archive-data"/>
    <property name="java.runtime.version" value="1.6.0_14-b08"/>
    <property name="java.awt.graphicsenv" value="sun.awt.Win32GraphicsEnvironment"/>
    <property name="basedir" value="D:\Projects\disk-archive\disk-archive-data"/>
    <property name="java.endorsed.dirs" value="D:\Program Files\Java\jdk1.6.0_14\jre\lib\endorsed"/>
    <property name="os.arch" value="x86"/>
    <property name="surefire.real.class.path" value="C:\Users\Aleksey\AppData\Local\Temp\surefirebooter6747076356577345858.jar"/>
    <property name="java.io.tmpdir" value="C:\Users\Aleksey\AppData\Local\Temp\"/>
    <property name="line.separator" value="
"/>
    <property name="java.vm.specification.vendor" value="Sun Microsystems Inc."/>
    <property name="user.variant" value=""/>
    <property name="os.name" value="Windows 7"/>
    <property name="sun.jnu.encoding" value="Cp1251"/>
    <property name="java.library.path" value="D:\Program Files\Java\jdk1.6.0_14\jre\bin;.;C:\Windows\Sun\Java\bin;C:\Windows\system32;C:\Windows;C:\Program Files\Far;C:\Windows\system32;C:\Windows;C:\Windows\System32\Wbem;C:\Windows\System32\WindowsPowerShell\v1.0\;D:\Program Files\Java\jdk1.6.0_14\bin;D:\apache-maven-2.2.1\bin;"/>
    <property name="surefire.test.class.path" value="D:\Projects\disk-archive\disk-archive-data\target\test-classes;D:\Projects\disk-archive\disk-archive-data\target\classes;C:\Users\Aleksey\.m2\repository\junit\junit\3.8.1\junit-3.8.1.jar;C:\Users\Aleksey\.m2\repository\org\springframework\spring\2.5.6\spring-2.5.6.jar;C:\Users\Aleksey\.m2\repository\commons-logging\commons-logging\1.1.1\commons-logging-1.1.1.jar;C:\Users\Aleksey\.m2\repository\org\hibernate\hibernate-core\3.3.2.GA\hibernate-core-3.3.2.GA.jar;C:\Users\Aleksey\.m2\repository\antlr\antlr\2.7.6\antlr-2.7.6.jar;C:\Users\Aleksey\.m2\repository\commons-collections\commons-collections\3.1\commons-collections-3.1.jar;C:\Users\Aleksey\.m2\repository\dom4j\dom4j\1.6.1\dom4j-1.6.1.jar;C:\Users\Aleksey\.m2\repository\xml-apis\xml-apis\1.0.b2\xml-apis-1.0.b2.jar;C:\Users\Aleksey\.m2\repository\javax\transaction\jta\1.1\jta-1.1.jar;C:\Users\Aleksey\.m2\repository\org\slf4j\slf4j-api\1.5.8\slf4j-api-1.5.8.jar;"/>
    <property name="java.specification.name" value="Java Platform API Specification"/>
    <property name="java.class.version" value="50.0"/>
    <property name="sun.management.compiler" value="HotSpot Client Compiler"/>
    <property name="os.version" value="6.1"/>
    <property name="user.home" value="C:\Users\Aleksey"/>
    <property name="user.timezone" value=""/>
    <property name="java.awt.printerjob" value="sun.awt.windows.WPrinterJob"/>
    <property name="java.specification.version" value="1.6"/>
    <property name="file.encoding" value="Cp1251"/>
    <property name="user.name" value="Aleksey"/>
    <property name="java.class.path" value="D:\Projects\disk-archive\disk-archive-data\target\test-classes;D:\Projects\disk-archive\disk-archive-data\target\classes;C:\Users\Aleksey\.m2\repository\junit\junit\3.8.1\junit-3.8.1.jar;C:\Users\Aleksey\.m2\repository\org\springframework\spring\2.5.6\spring-2.5.6.jar;C:\Users\Aleksey\.m2\repository\commons-logging\commons-logging\1.1.1\commons-logging-1.1.1.jar;C:\Users\Aleksey\.m2\repository\org\hibernate\hibernate-core\3.3.2.GA\hibernate-core-3.3.2.GA.jar;C:\Users\Aleksey\.m2\repository\antlr\antlr\2.7.6\antlr-2.7.6.jar;C:\Users\Aleksey\.m2\repository\commons-collections\commons-collections\3.1\commons-collections-3.1.jar;C:\Users\Aleksey\.m2\repository\dom4j\dom4j\1.6.1\dom4j-1.6.1.jar;C:\Users\Aleksey\.m2\repository\xml-apis\xml-apis\1.0.b2\xml-apis-1.0.b2.jar;C:\Users\Aleksey\.m2\repository\javax\transaction\jta\1.1\jta-1.1.jar;C:\Users\Aleksey\.m2\repository\org\slf4j\slf4j-api\1.5.8\slf4j-api-1.5.8.jar;"/>
    <property name="java.vm.specification.version" value="1.0"/>
    <property name="sun.arch.data.model" value="32"/>
    <property name="java.home" value="D:\Program Files\Java\jdk1.6.0_14\jre"/>
    <property name="java.specification.vendor" value="Sun Microsystems Inc."/>
    <property name="user.language" value="ru"/>
    <property name="awt.toolkit" value="sun.awt.windows.WToolkit"/>
    <property name="java.vm.info" value="mixed mode, sharing"/>
    <property name="java.version" value="1.6.0_14"/>
    <property name="java.ext.dirs" value="D:\Program Files\Java\jdk1.6.0_14\jre\lib\ext;C:\Windows\Sun\Java\lib\ext"/>
    <property name="sun.boot.class.path" value="D:\Program Files\Java\jdk1.6.0_14\jre\lib\resources.jar;D:\Program Files\Java\jdk1.6.0_14\jre\lib\rt.jar;D:\Program Files\Java\jdk1.6.0_14\jre\lib\sunrsasign.jar;D:\Program Files\Java\jdk1.6.0_14\jre\lib\jsse.jar;D:\Program Files\Java\jdk1.6.0_14\jre\lib\jce.jar;D:\Program Files\Java\jdk1.6.0_14\jre\lib\charsets.jar;D:\Program Files\Java\jdk1.6.0_14\jre\classes"/>
    <property name="java.vendor" value="Sun Microsystems Inc."/>
    <property name="localRepository" value="C:\Users\Aleksey\.m2\repository"/>
    <property name="file.separator" value="\"/>
    <property name="java.vendor.url.bug" value="http://java.sun.com/cgi-bin/bugreport.cgi"/>
    <property name="sun.cpu.endian" value="little"/>
    <property name="sun.io.unicode.encoding" value="UnicodeLittle"/>
    <property name="sun.desktop" value="windows"/>
    <property name="sun.cpu.isalist" value=""/>
  </properties>
  <testcase time="0.002" classname="com.alextim.diskarchive.AppTest" name="testApp"/>
</testsuite>